#
# There is insufficient memory for the Java Runtime Environment to continue.
# Native memory allocation (malloc) failed to allocate 32744 bytes for ChunkPool::allocate
# Possible reasons:
#   The system is out of physical RAM or swap space
#   The process is running with CompressedOops enabled, and the Java Heap may be blocking the growth of the native heap
# Possible solutions:
#   Reduce memory load on the system
#   Increase physical memory or swap space
#   Check if swap backing store is full
#   Decrease Java heap size (-Xmx/-Xms)
#   Decrease number of Java threads
#   Decrease Java thread stack sizes (-Xss)
#   Set larger code cache with -XX:ReservedCodeCacheSize=
#   JVM is running with Unscaled Compressed Oops mode in which the Java heap is
#     placed in the first 4GB address space. The Java Heap base address is the
#     maximum limit for the native heap growth. Please use -XX:HeapBaseMinAddress
#     to set the Java Heap base and to place the Java Heap above 4GB virtual address.
# This output file may be truncated or incomplete.
#
#  Out of Memory Error (allocation.cpp:272), pid=1532, tid=0x0000000000002354
#
# JRE version: OpenJDK Runtime Environment (8.0_202-b58) (build 1.8.0_202-release-1483-b58)
# Java VM: OpenJDK 64-Bit Server VM (25.202-b58 mixed mode windows-amd64 compressed oops)
# Failed to write core dump. Minidumps are not enabled by default on client versions of Windows
#

---------------  T H R E A D  ---------------

Current thread (0x000000001921c800):  JavaThread "C1 CompilerThread2" daemon [_thread_in_vm, id=9044, stack(0x0000000019a10000,0x0000000019b10000)]

Stack: [0x0000000019a10000,0x0000000019b10000]
[error occurred during error reporting (printing stack bounds), id 0xc0000005]

Native frames: (J=compiled Java code, j=interpreted, Vv=VM code, C=native code)


---------------  P R O C E S S  ---------------

Java Threads: ( => current thread )
=>0x000000001921c800 JavaThread "C1 CompilerThread2" daemon [_thread_in_vm, id=9044, stack(0x0000000019a10000,0x0000000019b10000)]
  0x000000001921a000 JavaThread "C2 CompilerThread1" daemon [_thread_blocked, id=4796, stack(0x0000000019910000,0x0000000019a10000)]
  0x0000000017dcd800 JavaThread "C2 CompilerThread0" daemon [_thread_in_vm, id=8188, stack(0x0000000019810000,0x0000000019910000)]
  0x0000000017d6c000 JavaThread "Attach Listener" daemon [_thread_blocked, id=2112, stack(0x0000000019710000,0x0000000019810000)]
  0x0000000019218800 JavaThread "Signal Dispatcher" daemon [_thread_blocked, id=9120, stack(0x0000000019610000,0x0000000019710000)]
  0x00000000031ce000 JavaThread "Finalizer" daemon [_thread_blocked, id=7144, stack(0x0000000018ff0000,0x00000000190f0000)]
  0x00000000031c4800 JavaThread "Reference Handler" daemon [_thread_blocked, id=9824, stack(0x0000000018ef0000,0x0000000018ff0000)]
  0x0000000002c6e800 JavaThread "main" [_thread_in_vm, id=5188, stack(0x0000000002c70000,0x0000000002d70000)]

Other Threads:
  0x0000000017d36800 VMThread [stack: 0x0000000018df0000,0x0000000018ef0000] [id=520]

VM state:not at safepoint (normal execution)

VM Mutex/Monitor currently owned by a thread:  ([mutex/lock_event])
[0x0000000002c6dbc0] SymbolTable_lock - owner thread: 0x0000000002c6e800

heap address: 0x0000000081400000, size: 2028 MB, Compressed Oops mode: 32-bit
Narrow klass base: 0x0000000000000000, Narrow klass shift: 3
Compressed class space size: 1073741824 Address: 0x0000000100000000

Heap:
 PSYoungGen      total 38400K, used 665K [0x00000000d5c00000, 0x00000000d8680000, 0x0000000100000000)
  eden space 33280K, 2% used [0x00000000d5c00000,0x00000000d5ca6670,0x00000000d7c80000)
  from space 5120K, 0% used [0x00000000d8180000,0x00000000d8180000,0x00000000d8680000)
  to   space 5120K, 0% used [0x00000000d7c80000,0x00000000d7c80000,0x00000000d8180000)
 ParOldGen       total 87552K, used 0K [0x0000000081400000, 0x0000000086980000, 0x00000000d5c00000)
  object space 87552K, 0% used [0x0000000081400000,0x0000000081400000,0x0000000086980000)
 Metaspace       used 2219K, capacity 4480K, committed 4480K, reserved 1056768K
  class space    used 232K, capacity 384K, committed 384K, reserved 1048576K

Card table byte_map: [0x0000000012590000,0x0000000012990000] byte_map_base: 0x0000000012186000

Marking Bits: (ParMarkBitMap*) 0x00000000569d9f30
 Begin Bits: [0x0000000013040000, 0x0000000014ff0000)
 End Bits:   [0x0000000014ff0000, 0x0000000016fa0000)

Polling page: 0x0000000002c40000

CodeCache: size=245760Kb used=439Kb max_used=450Kb free=245321Kb
 bounds [0x00000000031d0000, 0x0000000003440000, 0x00000000121d0000]
 total_blobs=180 nmethods=0 adapters=132
 compilation: enabled

Compilation events (0 events):
No events

GC Heap History (0 events):
No events

Deoptimization events (0 events):
No events

Classes redefined (0 events):
No events

Internal exceptions (2 events):
Event: 0.034 Thread 0x0000000002c6e800 Exception <a 'java/lang/NoSuchMethodError': Method sun.misc.Unsafe.defineClass(Ljava/lang/String;[BII)Ljava/lang/Class; name or signature does not match> (0x00000000d5c07cb0) thrown at [C:\BuildAgent\work\d169a5271ee8d3d2\hotspot\src\share\vm\prims\jni.cp
Event: 0.034 Thread 0x0000000002c6e800 Exception <a 'java/lang/NoSuchMethodError': Method sun.misc.Unsafe.prefetchRead(Ljava/lang/Object;J)V name or signature does not match> (0x00000000d5c07f98) thrown at [C:\BuildAgent\work\d169a5271ee8d3d2\hotspot\src\share\vm\prims\jni.cpp, line 4012]

Events (10 events):
Event: 0.102 loading class sun/misc/Launcher$AppClassLoader$1
Event: 0.103 loading class sun/misc/Launcher$AppClassLoader$1 done
Event: 0.106 loading class java/lang/SystemClassLoaderAction
Event: 0.106 loading class java/lang/SystemClassLoaderAction done
Event: 0.107 Thread 0x0000000019218800 Thread added: 0x0000000019218800
Event: 0.108 Thread 0x0000000017d6c000 Thread added: 0x0000000017d6c000
Event: 0.108 Thread 0x0000000017dcd800 Thread added: 0x0000000017dcd800
Event: 0.108 Thread 0x000000001921a000 Thread added: 0x000000001921a000
Event: 0.109 Thread 0x000000001921c800 Thread added: 0x000000001921c800
Event: 0.109 loading class java/lang/invoke/MethodHandleImpl


Dynamic libraries:
0x00007ff667050000 - 0x00007ff667081000 	C:\Program Files\JetBrains\IntelliJ IDEA Community Edition 2018.3.2\jre64\bin\java.exe
0x00007ff9506b0000 - 0x00007ff950891000 	C:\WINDOWS\SYSTEM32\ntdll.dll
0x00007ff94fdd0000 - 0x00007ff94fe81000 	C:\WINDOWS\System32\KERNEL32.DLL
0x00007ff94d8c0000 - 0x00007ff94db33000 	C:\WINDOWS\System32\KERNELBASE.dll
0x00007ff950250000 - 0x00007ff9502f1000 	C:\WINDOWS\System32\ADVAPI32.dll
0x00007ff94f910000 - 0x00007ff94f9ae000 	C:\WINDOWS\System32\msvcrt.dll
0x00007ff950300000 - 0x00007ff95035b000 	C:\WINDOWS\System32\sechost.dll
0x00007ff94fe90000 - 0x00007ff94ffb4000 	C:\WINDOWS\System32\RPCRT4.dll
0x00007ff9504f0000 - 0x00007ff950680000 	C:\WINDOWS\System32\USER32.dll
0x00007ff94d020000 - 0x00007ff94d040000 	C:\WINDOWS\System32\win32u.dll
0x00007ff94f9e0000 - 0x00007ff94fa08000 	C:\WINDOWS\System32\GDI32.dll
0x00007ff94cb80000 - 0x00007ff94cd11000 	C:\WINDOWS\System32\gdi32full.dll
0x00007ff94d7d0000 - 0x00007ff94d86f000 	C:\WINDOWS\System32\msvcp_win.dll
0x00007ff94ca80000 - 0x00007ff94cb78000 	C:\WINDOWS\System32\ucrtbase.dll
0x00007ff93fc40000 - 0x00007ff93fea9000 	C:\WINDOWS\WinSxS\amd64_microsoft.windows.common-controls_6595b64144ccf1df_6.0.17134.885_none_fb42a3473065565f\COMCTL32.dll
0x00007ff94fa10000 - 0x00007ff94fd32000 	C:\WINDOWS\System32\combase.dll
0x00007ff94d040000 - 0x00007ff94d0b9000 	C:\WINDOWS\System32\bcryptPrimitives.dll
0x00007ff94f9b0000 - 0x00007ff94f9dd000 	C:\WINDOWS\System32\IMM32.DLL
0x0000000056130000 - 0x0000000056202000 	C:\Program Files\JetBrains\IntelliJ IDEA Community Edition 2018.3.2\jre64\bin\msvcr100.dll
0x0000000056210000 - 0x0000000056a56000 	C:\Program Files\JetBrains\IntelliJ IDEA Community Edition 2018.3.2\jre64\bin\server\jvm.dll
0x00007ff9500e0000 - 0x00007ff9500e8000 	C:\WINDOWS\System32\PSAPI.DLL
0x00007ff949620000 - 0x00007ff949629000 	C:\WINDOWS\SYSTEM32\WSOCK32.dll
0x00007ff94fd60000 - 0x00007ff94fdcc000 	C:\WINDOWS\System32\WS2_32.dll
0x00007ff94ab10000 - 0x00007ff94ab33000 	C:\WINDOWS\SYSTEM32\WINMM.dll
0x00007ff93cb00000 - 0x00007ff93cb0a000 	C:\WINDOWS\SYSTEM32\VERSION.dll
0x00007ff94a6c0000 - 0x00007ff94a6ea000 	C:\WINDOWS\SYSTEM32\winmmbase.dll
0x00007ff94d870000 - 0x00007ff94d8b9000 	C:\WINDOWS\System32\cfgmgr32.dll
0x00007ff949610000 - 0x00007ff94961f000 	C:\Program Files\JetBrains\IntelliJ IDEA Community Edition 2018.3.2\jre64\bin\verify.dll
0x00007ff9495e0000 - 0x00007ff949609000 	C:\Program Files\JetBrains\IntelliJ IDEA Community Edition 2018.3.2\jre64\bin\java.dll
0x00007ff9495c0000 - 0x00007ff9495d6000 	C:\Program Files\JetBrains\IntelliJ IDEA Community Edition 2018.3.2\jre64\bin\zip.dll
0x00007ff94dd20000 - 0x00007ff94f160000 	C:\WINDOWS\System32\SHELL32.dll
0x00007ff94dc70000 - 0x00007ff94dd19000 	C:\WINDOWS\System32\shcore.dll
0x00007ff94d0c0000 - 0x00007ff94d7cd000 	C:\WINDOWS\System32\windows.storage.dll
0x00007ff94f160000 - 0x00007ff94f1b1000 	C:\WINDOWS\System32\shlwapi.dll
0x00007ff94c9e0000 - 0x00007ff94c9f1000 	C:\WINDOWS\System32\kernel.appcore.dll
0x00007ff94ca10000 - 0x00007ff94ca2f000 	C:\WINDOWS\System32\profapi.dll
0x00007ff94ca30000 - 0x00007ff94ca7c000 	C:\WINDOWS\System32\powrprof.dll
0x00007ff94ca00000 - 0x00007ff94ca0a000 	C:\WINDOWS\System32\FLTLIB.DLL

VM Arguments:
java_command: org.jetbrains.git4idea.http.GitAskPassApp Username for 'https://github.com': 
java_class_path (initial): C:/Program Files/JetBrains/IntelliJ IDEA Community Edition 2018.3.2/plugins/git4idea/lib/git4idea-rt.jar;C:/Program Files/JetBrains/IntelliJ IDEA Community Edition 2018.3.2/lib/xmlrpc-2.0.1.jar;C:/Program Files/JetBrains/IntelliJ IDEA Community Edition 2018.3.2/lib/commons-codec-1.10.jar;C:/Program Files/JetBrains/IntelliJ IDEA Community Edition 2018.3.2/lib/util.jar
Launcher Type: SUN_STANDARD

Environment Variables:
JAVA_HOME=C:\Program Files\Java\jdk1.8.0_191
CLASSPATH=.;C:\Program Files\Java\jdk1.8.0_191\lib;C:\Program Files\Java\jdk1.8.0_191\lib\tools.jar;D:\Instal\apache-ant-1.9.13\lib;
PATH=C:/Program Files/Git/mingw64/libexec/git-core;C:/Program Files/Git/mingw64/libexec/git-core;C:\Program Files\Git\mingw64\bin;C:\Program Files\Git\usr\bin;C:\Users\Administrator\bin;C:\Program Files (x86)\Common Files\Oracle\Java\javapath;C:\WINDOWS\system32;C:\WINDOWS;C:\WINDOWS\System32\Wbem;C:\WINDOWS\System32\WindowsPowerShell\v1.0\;C:\Python3;C:\Python3\Scripts;C:\Python27;C:\Python27\Scripts;C:\Users\Administrator\AppData\Local\Android\Sdk;C:\Program Files\nodejs\;D:\Instal\Android\android-sdk;D:\Instal\Android\android-sdk\build-tools\28.0.3;D:\Instal\Android\android-sdk\platform-tools;D:\Instal\Android\android-sdk\tools;C:\Program Files\Git\cmd;D:\Instal\apache-ant-1.9.13\bin;C:\Program Files\Java\jdk1.8.0_191\bin;C:\Program Files\Java\jdk1.8.0_191\jre\bin;D:\Instal\apache-maven-3.6.0\bin;M2_HOME\bin;D:\Instal\apache-maven-3.6.0\bin;;C:\WINDOWS\System32\OpenSSH\;C:\Program Files (x86)\Microsoft Emulator Manager\1.0\;C:\Users\Administrator\AppData\Local\Microsoft\WindowsApps;C:\Users\Administrator\AppData\Roaming\npm;;C:\Program Files\JetBrains\PyCharm Community Edition 2019.1\bin;
USERNAME=Administrator
DISPLAY=:0.0
OS=Windows_NT
PROCESSOR_IDENTIFIER=Intel64 Family 6 Model 60 Stepping 3, GenuineIntel



---------------  S Y S T E M  ---------------

OS: Windows 10.0 , 64 bit Build 17134 (10.0.17134.753)

CPU:total 4 (initial active 4) (4 cores per cpu, 1 threads per core) family 6 model 60 stepping 3, cmov, cx8, fxsr, mmx, sse, sse2, sse3, ssse3, sse4.1, sse4.2, popcnt, avx, avx2, aes, clmul, erms, lzcnt, tsc, tscinvbit, bmi1, bmi2

Memory: 4k page, physical 8299396k(957036k free), swap 12493700k(4124k free)

vm_info: OpenJDK 64-Bit Server VM (25.202-b58) for windows-amd64 JRE (1.8.0_202-release-1483-b58), built on May 22 2019 13:19:29 by "builduser" with MS VC++ 10.0 (VS2010)

time: Tue Aug 06 15:50:29 2019
timezone: China Standard Time
elapsed time: 0 seconds (0d 0h 0m 0s)

